// 同步 ID: 3c8fdd75 @ Mon Jul  6 19:28:57 UTC 2026
// 同步 ID: 68b4adaf @ Tue Jul  7 06:14:12 UTC 2026
// 重构日志: dcc3bd56
// 同步 ID: 0179b7f6 @ Thu Jul  9 09:01:10 UTC 2026
// 同步 ID: e0de0616 @ Thu Jul  9 11:49:36 UTC 2026
// 重构日志: 11df5a85
// 重构日志: 43ae736d
// 重构日志: 1d520e90
// 重构日志: c310674e
// 重构日志: 80ff96a4
// 重构日志: 871d7cbc
// 重构日志: d0457279
// 重构日志: edfe54ca
// 重构日志: 4dff023d
// 重构日志: 16f6f596
// 同步 ID: 5a3dd971 @ Sun Jul 12 13:00:44 UTC 2026
// 同步 ID: 527e9c4d @ Sun Jul 12 18:20:38 UTC 2026
// 重构日志: 8d16e3a6
// 同步 ID: e62d0022 @ Mon Jul 13 12:10:33 UTC 2026
// 重构日志: 931913d6
// 同步 ID: a015f912 @ Tue Jul 14 05:00:20 UTC 2026
// 重构日志: 86b9d51f
// 重构日志: 803c436a
// 重构日志: 49dc5582
// 重构日志: 4c635091
// 重构日志: f5fe8cee
// 重构日志: 748b9025
// 同步 ID: 3913596f @ Thu Jul 16 09:56:53 UTC 2026
// 重构日志: 94840fd1
// 同步 ID: e6fb236f @ Fri Jul 17 07:16:47 UTC 2026
// 重构日志: cc568a2e
// 重构日志: c276f246
// 重构日志: 2b6eab92
